{"C:\\Users\\KAVIN\\Desktop\\OneData\\server\\index.js": {"path":"C:\\Users\\KAVIN\\Desktop\\OneData\\server\\index.js","statementMap":{"0":{"start":{"line":1,"column":17},"end":{"line":1,"column":36}},"1":{"start":{"line":2,"column":16},"end":{"line":2,"column":34}},"2":{"start":{"line":3,"column":13},"end":{"line":3,"column":28}},"3":{"start":{"line":4,"column":19},"end":{"line":4,"column":50}},"4":{"start":{"line":5,"column":22},"end":{"line":5,"column":56}},"5":{"start":{"line":7,"column":12},"end":{"line":7,"column":21}},"6":{"start":{"line":9,"column":0},"end":{"line":11,"column":3}},"7":{"start":{"line":10,"column":2},"end":{"line":10,"column":54}},"8":{"start":{"line":13,"column":0},"end":{"line":15,"column":1}},"9":{"start":{"line":14,"column":2},"end":{"line":14,"column":69}},"10":{"start":{"line":17,"column":0},"end":{"line":20,"column":48}},"11":{"start":{"line":19,"column":14},"end":{"line":19,"column":41}},"12":{"start":{"line":20,"column":15},"end":{"line":20,"column":46}},"13":{"start":{"line":22,"column":0},"end":{"line":22,"column":16}},"14":{"start":{"line":23,"column":0},"end":{"line":23,"column":24}},"15":{"start":{"line":24,"column":0},"end":{"line":24,"column":48}},"16":{"start":{"line":25,"column":0},"end":{"line":25,"column":29}},"17":{"start":{"line":26,"column":0},"end":{"line":26,"column":35}},"18":{"start":{"line":28,"column":0},"end":{"line":28,"column":21}}},"fnMap":{"0":{"name":"(anonymous_0)","decl":{"start":{"line":9,"column":29},"end":{"line":9,"column":30}},"loc":{"start":{"line":9,"column":35},"end":{"line":11,"column":1}},"line":9},"1":{"name":"(anonymous_1)","decl":{"start":{"line":19,"column":8},"end":{"line":19,"column":9}},"loc":{"start":{"line":19,"column":14},"end":{"line":19,"column":41}},"line":19},"2":{"name":"(anonymous_2)","decl":{"start":{"line":20,"column":9},"end":{"line":20,"column":10}},"loc":{"start":{"line":20,"column":15},"end":{"line":20,"column":46}},"line":20}},"branchMap":{"0":{"loc":{"start":{"line":13,"column":0},"end":{"line":15,"column":1}},"type":"if","locations":[{"start":{"line":13,"column":0},"end":{"line":15,"column":1}},{"start":{},"end":{}}],"line":13}},"s":{"0":1,"1":1,"2":1,"3":1,"4":1,"5":1,"6":1,"7":0,"8":1,"9":1,"10":1,"11":0,"12":1,"13":1,"14":1,"15":1,"16":1,"17":1,"18":1},"f":{"0":0,"1":0,"2":1},"b":{"0":[1,0]},"_coverageSchema":"1a1c01bbd47fc00a2c39e90264f33305004495a9","hash":"e1161ce084a716a8cb14ea7f3372b81b173dbb9e"}
,"C:\\Users\\KAVIN\\Desktop\\OneData\\server\\Controllers\\PictureController.js": {"path":"C:\\Users\\KAVIN\\Desktop\\OneData\\server\\Controllers\\PictureController.js","statementMap":{"0":{"start":{"line":1,"column":16},"end":{"line":1,"column":49}},"1":{"start":{"line":2,"column":21},"end":{"line":2,"column":52}},"2":{"start":{"line":3,"column":13},"end":{"line":3,"column":43}},"3":{"start":{"line":5,"column":17},"end":{"line":22,"column":2}},"4":{"start":{"line":6,"column":28},"end":{"line":6,"column":36}},"5":{"start":{"line":7,"column":19},"end":{"line":7,"column":54}},"6":{"start":{"line":8,"column":2},"end":{"line":21,"column":3}},"7":{"start":{"line":9,"column":18},"end":{"line":13,"column":6}},"8":{"start":{"line":14,"column":4},"end":{"line":14,"column":23}},"9":{"start":{"line":15,"column":4},"end":{"line":15,"column":78}},"10":{"start":{"line":17,"column":4},"end":{"line":17,"column":23}},"11":{"start":{"line":18,"column":4},"end":{"line":20,"column":71}},"12":{"start":{"line":24,"column":20},"end":{"line":49,"column":2}},"13":{"start":{"line":25,"column":17},"end":{"line":25,"column":36}},"14":{"start":{"line":26,"column":2},"end":{"line":26,"column":22}},"15":{"start":{"line":27,"column":2},"end":{"line":27,"column":26}},"16":{"start":{"line":29,"column":2},"end":{"line":48,"column":3}},"17":{"start":{"line":30,"column":20},"end":{"line":30,"column":57}},"18":{"start":{"line":31,"column":4},"end":{"line":31,"column":25}},"19":{"start":{"line":33,"column":4},"end":{"line":33,"column":69}},"20":{"start":{"line":33,"column":18},"end":{"line":33,"column":69}},"21":{"start":{"line":34,"column":4},"end":{"line":44,"column":5}},"22":{"start":{"line":35,"column":6},"end":{"line":35,"column":33}},"23":{"start":{"line":36,"column":6},"end":{"line":36,"column":27}},"24":{"start":{"line":37,"column":6},"end":{"line":37,"column":64}},"25":{"start":{"line":39,"column":6},"end":{"line":41,"column":8}},"26":{"start":{"line":40,"column":16},"end":{"line":40,"column":51}},"27":{"start":{"line":42,"column":6},"end":{"line":42,"column":27}},"28":{"start":{"line":43,"column":6},"end":{"line":43,"column":55}},"29":{"start":{"line":46,"column":4},"end":{"line":46,"column":23}},"30":{"start":{"line":47,"column":4},"end":{"line":47,"column":79}},"31":{"start":{"line":50,"column":19},"end":{"line":67,"column":2}},"32":{"start":{"line":51,"column":18},"end":{"line":51,"column":26}},"33":{"start":{"line":53,"column":2},"end":{"line":66,"column":3}},"34":{"start":{"line":54,"column":20},"end":{"line":54,"column":57}},"35":{"start":{"line":55,"column":4},"end":{"line":55,"column":69}},"36":{"start":{"line":55,"column":18},"end":{"line":55,"column":69}},"37":{"start":{"line":56,"column":4},"end":{"line":62,"column":5}},"38":{"start":{"line":57,"column":6},"end":{"line":57,"column":29}},"39":{"start":{"line":58,"column":6},"end":{"line":58,"column":27}},"40":{"start":{"line":59,"column":6},"end":{"line":61,"column":80}},"41":{"start":{"line":64,"column":4},"end":{"line":64,"column":23}},"42":{"start":{"line":65,"column":4},"end":{"line":65,"column":77}},"43":{"start":{"line":69,"column":22},"end":{"line":94,"column":2}},"44":{"start":{"line":70,"column":17},"end":{"line":70,"column":36}},"45":{"start":{"line":72,"column":2},"end":{"line":93,"column":3}},"46":{"start":{"line":73,"column":20},"end":{"line":73,"column":57}},"47":{"start":{"line":74,"column":4},"end":{"line":75,"column":69}},"48":{"start":{"line":75,"column":6},"end":{"line":75,"column":69}},"49":{"start":{"line":77,"column":24},"end":{"line":77,"column":63}},"50":{"start":{"line":79,"column":4},"end":{"line":89,"column":5}},"51":{"start":{"line":80,"column":6},"end":{"line":82,"column":8}},"52":{"start":{"line":81,"column":16},"end":{"line":81,"column":40}},"53":{"start":{"line":83,"column":6},"end":{"line":83,"column":27}},"54":{"start":{"line":84,"column":6},"end":{"line":84,"column":75}},"55":{"start":{"line":86,"column":6},"end":{"line":86,"column":42}},"56":{"start":{"line":87,"column":6},"end":{"line":87,"column":27}},"57":{"start":{"line":88,"column":6},"end":{"line":88,"column":73}},"58":{"start":{"line":91,"column":4},"end":{"line":91,"column":52}},"59":{"start":{"line":92,"column":4},"end":{"line":92,"column":63}},"60":{"start":{"line":95,"column":24},"end":{"line":99,"column":2}},"61":{"start":{"line":96,"column":19},"end":{"line":96,"column":41}},"62":{"start":{"line":97,"column":2},"end":{"line":97,"column":80}},"63":{"start":{"line":97,"column":17},"end":{"line":97,"column":80}},"64":{"start":{"line":98,"column":2},"end":{"line":98,"column":57}},"65":{"start":{"line":101,"column":18},"end":{"line":132,"column":2}},"66":{"start":{"line":102,"column":18},"end":{"line":102,"column":26}},"67":{"start":{"line":104,"column":2},"end":{"line":131,"column":3}},"68":{"start":{"line":105,"column":20},"end":{"line":105,"column":57}},"69":{"start":{"line":106,"column":4},"end":{"line":107,"column":69}},"70":{"start":{"line":107,"column":6},"end":{"line":107,"column":69}},"71":{"start":{"line":109,"column":4},"end":{"line":113,"column":5}},"72":{"start":{"line":110,"column":6},"end":{"line":112,"column":65}},"73":{"start":{"line":114,"column":21},"end":{"line":114,"column":46}},"74":{"start":{"line":115,"column":4},"end":{"line":115,"column":26}},"75":{"start":{"line":116,"column":4},"end":{"line":117,"column":68}},"76":{"start":{"line":117,"column":6},"end":{"line":117,"column":68}},"77":{"start":{"line":119,"column":6},"end":{"line":123,"column":7}},"78":{"start":{"line":120,"column":8},"end":{"line":122,"column":62}},"79":{"start":{"line":124,"column":6},"end":{"line":124,"column":39}},"80":{"start":{"line":125,"column":6},"end":{"line":125,"column":27}},"81":{"start":{"line":126,"column":6},"end":{"line":126,"column":77}},"82":{"start":{"line":129,"column":4},"end":{"line":129,"column":25}},"83":{"start":{"line":130,"column":4},"end":{"line":130,"column":63}},"84":{"start":{"line":133,"column":0},"end":{"line":140,"column":2}}},"fnMap":{"0":{"name":"(anonymous_0)","decl":{"start":{"line":5,"column":30},"end":{"line":5,"column":31}},"loc":{"start":{"line":5,"column":50},"end":{"line":22,"column":1}},"line":5},"1":{"name":"(anonymous_1)","decl":{"start":{"line":24,"column":33},"end":{"line":24,"column":34}},"loc":{"start":{"line":24,"column":53},"end":{"line":49,"column":1}},"line":24},"2":{"name":"(anonymous_2)","decl":{"start":{"line":40,"column":8},"end":{"line":40,"column":9}},"loc":{"start":{"line":40,"column":16},"end":{"line":40,"column":51}},"line":40},"3":{"name":"(anonymous_3)","decl":{"start":{"line":50,"column":32},"end":{"line":50,"column":33}},"loc":{"start":{"line":50,"column":52},"end":{"line":67,"column":1}},"line":50},"4":{"name":"(anonymous_4)","decl":{"start":{"line":69,"column":35},"end":{"line":69,"column":36}},"loc":{"start":{"line":69,"column":55},"end":{"line":94,"column":1}},"line":69},"5":{"name":"(anonymous_5)","decl":{"start":{"line":81,"column":8},"end":{"line":81,"column":9}},"loc":{"start":{"line":81,"column":16},"end":{"line":81,"column":40}},"line":81},"6":{"name":"(anonymous_6)","decl":{"start":{"line":95,"column":37},"end":{"line":95,"column":38}},"loc":{"start":{"line":95,"column":57},"end":{"line":99,"column":1}},"line":95},"7":{"name":"(anonymous_7)","decl":{"start":{"line":101,"column":31},"end":{"line":101,"column":32}},"loc":{"start":{"line":101,"column":51},"end":{"line":132,"column":1}},"line":101}},"branchMap":{"0":{"loc":{"start":{"line":7,"column":19},"end":{"line":7,"column":54}},"type":"cond-expr","locations":[{"start":{"line":7,"column":30},"end":{"line":7,"column":47}},{"start":{"line":7,"column":50},"end":{"line":7,"column":54}}],"line":7},"1":{"loc":{"start":{"line":33,"column":4},"end":{"line":33,"column":69}},"type":"if","locations":[{"start":{"line":33,"column":4},"end":{"line":33,"column":69}},{"start":{},"end":{}}],"line":33},"2":{"loc":{"start":{"line":34,"column":4},"end":{"line":44,"column":5}},"type":"if","locations":[{"start":{"line":34,"column":4},"end":{"line":44,"column":5}},{"start":{"line":38,"column":11},"end":{"line":44,"column":5}}],"line":34},"3":{"loc":{"start":{"line":55,"column":4},"end":{"line":55,"column":69}},"type":"if","locations":[{"start":{"line":55,"column":4},"end":{"line":55,"column":69}},{"start":{},"end":{}}],"line":55},"4":{"loc":{"start":{"line":56,"column":4},"end":{"line":62,"column":5}},"type":"if","locations":[{"start":{"line":56,"column":4},"end":{"line":62,"column":5}},{"start":{},"end":{}}],"line":56},"5":{"loc":{"start":{"line":74,"column":4},"end":{"line":75,"column":69}},"type":"if","locations":[{"start":{"line":74,"column":4},"end":{"line":75,"column":69}},{"start":{},"end":{}}],"line":74},"6":{"loc":{"start":{"line":79,"column":4},"end":{"line":89,"column":5}},"type":"if","locations":[{"start":{"line":79,"column":4},"end":{"line":89,"column":5}},{"start":{"line":85,"column":11},"end":{"line":89,"column":5}}],"line":79},"7":{"loc":{"start":{"line":97,"column":2},"end":{"line":97,"column":80}},"type":"if","locations":[{"start":{"line":97,"column":2},"end":{"line":97,"column":80}},{"start":{},"end":{}}],"line":97},"8":{"loc":{"start":{"line":106,"column":4},"end":{"line":107,"column":69}},"type":"if","locations":[{"start":{"line":106,"column":4},"end":{"line":107,"column":69}},{"start":{},"end":{}}],"line":106},"9":{"loc":{"start":{"line":109,"column":4},"end":{"line":113,"column":5}},"type":"if","locations":[{"start":{"line":109,"column":4},"end":{"line":113,"column":5}},{"start":{},"end":{}}],"line":109},"10":{"loc":{"start":{"line":116,"column":4},"end":{"line":117,"column":68}},"type":"if","locations":[{"start":{"line":116,"column":4},"end":{"line":117,"column":68}},{"start":{},"end":{}}],"line":116},"11":{"loc":{"start":{"line":119,"column":6},"end":{"line":123,"column":7}},"type":"if","locations":[{"start":{"line":119,"column":6},"end":{"line":123,"column":7}},{"start":{},"end":{}}],"line":119}},"s":{"0":1,"1":1,"2":1,"3":1,"4":0,"5":0,"6":0,"7":0,"8":0,"9":0,"10":0,"11":0,"12":1,"13":0,"14":0,"15":0,"16":0,"17":0,"18":0,"19":0,"20":0,"21":0,"22":0,"23":0,"24":0,"25":0,"26":0,"27":0,"28":0,"29":0,"30":0,"31":1,"32":0,"33":0,"34":0,"35":0,"36":0,"37":0,"38":0,"39":0,"40":0,"41":0,"42":0,"43":1,"44":0,"45":0,"46":0,"47":0,"48":0,"49":0,"50":0,"51":0,"52":0,"53":0,"54":0,"55":0,"56":0,"57":0,"58":0,"59":0,"60":1,"61":0,"62":0,"63":0,"64":0,"65":1,"66":0,"67":0,"68":0,"69":0,"70":0,"71":0,"72":0,"73":0,"74":0,"75":0,"76":0,"77":0,"78":0,"79":0,"80":0,"81":0,"82":0,"83":0,"84":1},"f":{"0":0,"1":0,"2":0,"3":0,"4":0,"5":0,"6":0,"7":0},"b":{"0":[0,0],"1":[0,0],"2":[0,0],"3":[0,0],"4":[0,0],"5":[0,0],"6":[0,0],"7":[0,0],"8":[0,0],"9":[0,0],"10":[0,0],"11":[0,0]},"_coverageSchema":"1a1c01bbd47fc00a2c39e90264f33305004495a9","hash":"1e0a8471c399e3b01b3105431e263ccc20f31848"}
,"C:\\Users\\KAVIN\\Desktop\\OneData\\server\\Controllers\\UserController.js": {"path":"C:\\Users\\KAVIN\\Desktop\\OneData\\server\\Controllers\\UserController.js","statementMap":{"0":{"start":{"line":1,"column":13},"end":{"line":1,"column":43}},"1":{"start":{"line":2,"column":21},"end":{"line":2,"column":52}},"2":{"start":{"line":3,"column":15},"end":{"line":3,"column":32}},"3":{"start":{"line":4,"column":12},"end":{"line":4,"column":35}},"4":{"start":{"line":6,"column":17},"end":{"line":28,"column":2}},"5":{"start":{"line":7,"column":36},"end":{"line":7,"column":44}},"6":{"start":{"line":9,"column":17},"end":{"line":9,"column":47}},"7":{"start":{"line":10,"column":24},"end":{"line":10,"column":53}},"8":{"start":{"line":11,"column":2},"end":{"line":15,"column":3}},"9":{"start":{"line":12,"column":4},"end":{"line":14,"column":74}},"10":{"start":{"line":16,"column":2},"end":{"line":27,"column":3}},"11":{"start":{"line":17,"column":17},"end":{"line":17,"column":66}},"12":{"start":{"line":18,"column":4},"end":{"line":18,"column":22}},"13":{"start":{"line":19,"column":4},"end":{"line":21,"column":75}},"14":{"start":{"line":23,"column":4},"end":{"line":23,"column":23}},"15":{"start":{"line":24,"column":4},"end":{"line":26,"column":77}},"16":{"start":{"line":30,"column":14},"end":{"line":73,"column":2}},"17":{"start":{"line":31,"column":30},"end":{"line":31,"column":38}},"18":{"start":{"line":33,"column":2},"end":{"line":33,"column":31}},"19":{"start":{"line":34,"column":2},"end":{"line":34,"column":24}},"20":{"start":{"line":36,"column":2},"end":{"line":72,"column":3}},"21":{"start":{"line":37,"column":17},"end":{"line":37,"column":46}},"22":{"start":{"line":38,"column":4},"end":{"line":38,"column":22}},"23":{"start":{"line":39,"column":4},"end":{"line":44,"column":5}},"24":{"start":{"line":40,"column":6},"end":{"line":43,"column":9}},"25":{"start":{"line":46,"column":25},"end":{"line":46,"column":70}},"26":{"start":{"line":47,"column":4},"end":{"line":47,"column":30}},"27":{"start":{"line":49,"column":4},"end":{"line":54,"column":5}},"28":{"start":{"line":50,"column":6},"end":{"line":53,"column":9}},"29":{"start":{"line":55,"column":22},"end":{"line":57,"column":6}},"30":{"start":{"line":58,"column":4},"end":{"line":58,"column":27}},"31":{"start":{"line":61,"column":4},"end":{"line":66,"column":7}},"32":{"start":{"line":68,"column":4},"end":{"line":68,"column":41}},"33":{"start":{"line":69,"column":4},"end":{"line":71,"column":73}},"34":{"start":{"line":75,"column":17},"end":{"line":78,"column":2}},"35":{"start":{"line":76,"column":15},"end":{"line":76,"column":34}},"36":{"start":{"line":77,"column":2},"end":{"line":77,"column":29}},"37":{"start":{"line":79,"column":0},"end":{"line":79,"column":51}}},"fnMap":{"0":{"name":"(anonymous_0)","decl":{"start":{"line":6,"column":30},"end":{"line":6,"column":31}},"loc":{"start":{"line":6,"column":50},"end":{"line":28,"column":1}},"line":6},"1":{"name":"(anonymous_1)","decl":{"start":{"line":30,"column":27},"end":{"line":30,"column":28}},"loc":{"start":{"line":30,"column":47},"end":{"line":73,"column":1}},"line":30},"2":{"name":"(anonymous_2)","decl":{"start":{"line":75,"column":30},"end":{"line":75,"column":31}},"loc":{"start":{"line":75,"column":50},"end":{"line":78,"column":1}},"line":75}},"branchMap":{"0":{"loc":{"start":{"line":11,"column":2},"end":{"line":15,"column":3}},"type":"if","locations":[{"start":{"line":11,"column":2},"end":{"line":15,"column":3}},{"start":{},"end":{}}],"line":11},"1":{"loc":{"start":{"line":39,"column":4},"end":{"line":44,"column":5}},"type":"if","locations":[{"start":{"line":39,"column":4},"end":{"line":44,"column":5}},{"start":{},"end":{}}],"line":39},"2":{"loc":{"start":{"line":49,"column":4},"end":{"line":54,"column":5}},"type":"if","locations":[{"start":{"line":49,"column":4},"end":{"line":54,"column":5}},{"start":{},"end":{}}],"line":49}},"s":{"0":1,"1":1,"2":1,"3":1,"4":1,"5":1,"6":1,"7":1,"8":1,"9":0,"10":1,"11":1,"12":1,"13":1,"14":0,"15":0,"16":1,"17":1,"18":1,"19":1,"20":1,"21":1,"22":1,"23":1,"24":0,"25":1,"26":1,"27":1,"28":0,"29":1,"30":1,"31":1,"32":0,"33":0,"34":1,"35":0,"36":0,"37":1},"f":{"0":1,"1":1,"2":0},"b":{"0":[0,1],"1":[0,1],"2":[0,1]},"_coverageSchema":"1a1c01bbd47fc00a2c39e90264f33305004495a9","hash":"5124a4d9f1e103954efdc6df7005574fd5f02edf"}
,"C:\\Users\\KAVIN\\Desktop\\OneData\\server\\Models\\PictureModel.js": {"path":"C:\\Users\\KAVIN\\Desktop\\OneData\\server\\Models\\PictureModel.js","statementMap":{"0":{"start":{"line":1,"column":17},"end":{"line":1,"column":36}},"1":{"start":{"line":3,"column":22},"end":{"line":12,"column":1}},"2":{"start":{"line":14,"column":16},"end":{"line":14,"column":67}},"3":{"start":{"line":16,"column":0},"end":{"line":16,"column":25}}},"fnMap":{},"branchMap":{},"s":{"0":1,"1":1,"2":1,"3":1},"f":{},"b":{},"_coverageSchema":"1a1c01bbd47fc00a2c39e90264f33305004495a9","hash":"719eb8aa172df11da5babc19daad54361fc5d49b"}
,"C:\\Users\\KAVIN\\Desktop\\OneData\\server\\Models\\UserModel.js": {"path":"C:\\Users\\KAVIN\\Desktop\\OneData\\server\\Models\\UserModel.js","statementMap":{"0":{"start":{"line":1,"column":17},"end":{"line":1,"column":36}},"1":{"start":{"line":3,"column":19},"end":{"line":8,"column":2}},"2":{"start":{"line":10,"column":13},"end":{"line":10,"column":57}},"3":{"start":{"line":12,"column":0},"end":{"line":12,"column":21}}},"fnMap":{},"branchMap":{},"s":{"0":1,"1":1,"2":1,"3":1},"f":{},"b":{},"_coverageSchema":"1a1c01bbd47fc00a2c39e90264f33305004495a9","hash":"9ad2c53f7f63038750551ef39f204a6d31a0df7e"}
,"C:\\Users\\KAVIN\\Desktop\\OneData\\server\\Routers\\PictureRouter.js": {"path":"C:\\Users\\KAVIN\\Desktop\\OneData\\server\\Routers\\PictureRouter.js","statementMap":{"0":{"start":{"line":1,"column":16},"end":{"line":1,"column":34}},"1":{"start":{"line":2,"column":16},"end":{"line":2,"column":47}},"2":{"start":{"line":3,"column":15},"end":{"line":3,"column":32}},"3":{"start":{"line":4,"column":13},"end":{"line":4,"column":28}},"4":{"start":{"line":5,"column":89},"end":{"line":5,"column":132}},"5":{"start":{"line":7,"column":15},"end":{"line":7,"column":31}},"6":{"start":{"line":9,"column":14},"end":{"line":16,"column":2}},"7":{"start":{"line":11,"column":4},"end":{"line":11,"column":67}},"8":{"start":{"line":14,"column":4},"end":{"line":14,"column":32}},"9":{"start":{"line":17,"column":15},"end":{"line":17,"column":41}},"10":{"start":{"line":19,"column":0},"end":{"line":19,"column":74}},"11":{"start":{"line":20,"column":0},"end":{"line":20,"column":58}},"12":{"start":{"line":21,"column":0},"end":{"line":21,"column":53}},"13":{"start":{"line":22,"column":0},"end":{"line":22,"column":58}},"14":{"start":{"line":23,"column":0},"end":{"line":23,"column":57}},"15":{"start":{"line":24,"column":0},"end":{"line":24,"column":54}},"16":{"start":{"line":25,"column":0},"end":{"line":25,"column":24}}},"fnMap":{"0":{"name":"(anonymous_0)","decl":{"start":{"line":10,"column":15},"end":{"line":10,"column":16}},"loc":{"start":{"line":10,"column":34},"end":{"line":12,"column":3}},"line":10},"1":{"name":"(anonymous_1)","decl":{"start":{"line":13,"column":12},"end":{"line":13,"column":13}},"loc":{"start":{"line":13,"column":31},"end":{"line":15,"column":3}},"line":13}},"branchMap":{},"s":{"0":1,"1":1,"2":1,"3":1,"4":1,"5":1,"6":1,"7":0,"8":0,"9":1,"10":1,"11":1,"12":1,"13":1,"14":1,"15":1,"16":1},"f":{"0":0,"1":0},"b":{},"_coverageSchema":"1a1c01bbd47fc00a2c39e90264f33305004495a9","hash":"cbeb51c045de8ec67a1d70f690099eca238218a1"}
,"C:\\Users\\KAVIN\\Desktop\\OneData\\server\\Routers\\UserRouter.js": {"path":"C:\\Users\\KAVIN\\Desktop\\OneData\\server\\Routers\\UserRouter.js","statementMap":{"0":{"start":{"line":1,"column":16},"end":{"line":1,"column":34}},"1":{"start":{"line":2,"column":32},"end":{"line":2,"column":72}},"2":{"start":{"line":4,"column":15},"end":{"line":4,"column":31}},"3":{"start":{"line":6,"column":0},"end":{"line":6,"column":43}},"4":{"start":{"line":7,"column":0},"end":{"line":7,"column":37}},"5":{"start":{"line":8,"column":0},"end":{"line":8,"column":24}}},"fnMap":{},"branchMap":{},"s":{"0":1,"1":1,"2":1,"3":1,"4":1,"5":1},"f":{},"b":{},"_coverageSchema":"1a1c01bbd47fc00a2c39e90264f33305004495a9","hash":"6781ef7572bb180d6b838d6839e3325cab386f50"}
,"C:\\Users\\KAVIN\\Desktop\\OneData\\server\\Utilities\\Protect.js": {"path":"C:\\Users\\KAVIN\\Desktop\\OneData\\server\\Utilities\\Protect.js","statementMap":{"0":{"start":{"line":1,"column":12},"end":{"line":1,"column":35}},"1":{"start":{"line":3,"column":16},"end":{"line":18,"column":1}},"2":{"start":{"line":6,"column":2},"end":{"line":6,"column":53}},"3":{"start":{"line":8,"column":2},"end":{"line":10,"column":3}},"4":{"start":{"line":9,"column":4},"end":{"line":9,"column":79}},"5":{"start":{"line":11,"column":2},"end":{"line":17,"column":3}},"6":{"start":{"line":12,"column":19},"end":{"line":12,"column":55}},"7":{"start":{"line":13,"column":4},"end":{"line":13,"column":37}},"8":{"start":{"line":14,"column":4},"end":{"line":14,"column":11}},"9":{"start":{"line":16,"column":4},"end":{"line":16,"column":70}},"10":{"start":{"line":20,"column":0},"end":{"line":20,"column":25}}},"fnMap":{"0":{"name":"(anonymous_0)","decl":{"start":{"line":3,"column":16},"end":{"line":3,"column":17}},"loc":{"start":{"line":3,"column":36},"end":{"line":18,"column":1}},"line":3}},"branchMap":{"0":{"loc":{"start":{"line":8,"column":2},"end":{"line":10,"column":3}},"type":"if","locations":[{"start":{"line":8,"column":2},"end":{"line":10,"column":3}},{"start":{},"end":{}}],"line":8}},"s":{"0":1,"1":1,"2":7,"3":7,"4":0,"5":7,"6":7,"7":0,"8":0,"9":7,"10":1},"f":{"0":7},"b":{"0":[0,7]},"_coverageSchema":"1a1c01bbd47fc00a2c39e90264f33305004495a9","hash":"4b889c11857b12560770ef1d1e51efc453d4c97a"}
}
